(2018-4-25 14:38) spawn telnet 10.10.13.13'
(2018-4-25 14:38) Trying 10.10.13.13...'

(2018-4-25 14:38) spawn telnet 10.10.7.32'
(2018-4-25 14:38) Trying 10.10.7.32...'
(2018-4-25 14:38) Connected to 10.10.7.32.'
(2018-4-25 14:38) Escape character is '^]'."
(2018-4-25 14:38) '
(2018-4-25 14:38) '
(2018-4-25 14:38) We are watching you! We know your ip: 192.168.33.242'
(2018-4-25 14:38) '
(2018-4-25 14:38) Username: kolas'
(2018-4-25 14:38) Password:'
(2018-4-25 14:38) '
(2018-4-25 14:38) Hello kolas. Today is Wednesday 25-04-2018!'
(2018-4-25 14:38) '
(2018-4-25 14:38) Gork.pr.6.4(7.32)>enable'
(2018-4-25 14:38) Password:'
(2018-4-25 14:38) Gork.pr.6.4(7.32)#conf t'
(2018-4-25 14:38) Enter configuration commands, one per line.  End with CNTL/Z.'
(2018-4-25 14:38) Gork.pr.6.4(7.32)(config)#int fa 0/39'
(2018-4-25 14:38) Gork.pr.6.4(7.32)(config-if)#switchport access vlan 10'
(2018-4-25 14:38) Gork.pr.6.4(7.32)(config-if)#exit'
(2018-4-25 14:38) Gork.pr.6.4(7.32)(config)#int fa 0/40'
(2018-4-25 14:38) Gork.pr.6.4(7.32)(config-if)#switchport access vlan 10'
(2018-4-25 14:38) Gork.pr.6.4(7.32)(config-if)#exit'
(2018-4-25 14:38) Gork.pr.6.4(7.32)(config)#int fa 0/41'
(2018-4-25 14:38) Gork.pr.6.4(7.32)(config-if)#switchport access vlan 10'
(2018-4-25 14:38) Gork.pr.6.4(7.32)(config-if)#exit'
(2018-4-25 14:38) Gork.pr.6.4(7.32)(config)#int fa 0/43'
(2018-4-25 14:38) Gork.pr.6.4(7.32)(config-if)#switchport access vlan 10'
(2018-4-25 14:38) Gork.pr.6.4(7.32)(config-if)#exit'
(2018-4-25 14:38) Gork.pr.6.4(7.32)(config)#int fa 0/44'
(2018-4-25 14:38) Gork.pr.6.4(7.32)(config-if)#switchport access vlan 10'
(2018-4-25 14:38) Gork.pr.6.4(7.32)(config-if)#exit'
(2018-4-25 14:38) Gork.pr.6.4(7.32)(config)#int fa 0/45'
(2018-4-25 14:38) Gork.pr.6.4(7.32)(config-if)#switchport access vlan 10'
(2018-4-25 14:38) Gork.pr.6.4(7.32)(config-if)#exit'
(2018-4-25 14:38) Gork.pr.6.4(7.32)(config)#exit'
(2018-4-25 14:38) Gork.pr.6.4(7.32)#copy r s'
(2018-4-25 14:38) Destination filename [startup-config]?'
(2018-4-25 14:38) Building configuration...'
(2018-4-25 14:38) [OK]'
(2018-4-25 14:38) Gork.pr.6.4(7.32)#exit'
(2018-4-25 14:38) Connection closed by foreign host.'

